---------------------------------------------------------------
[ 2020-06-10T18:08:01+08:00 ] 127.0.0.1 GET www.tp5.com/api/cate/5/limit/5
[运行时间：0.240014s] [吞吐率：4.17req/s] [内存消耗：3,322.28kb] [文件加载：48]
[ info ] [ LANG ] D:\xampp\htdocs\backend\thinkphp\lang\zh-cn.php
[ info ] [ ROUTE ] array (
  'type' => 'module',
  'module' => 
  array (
    0 => 'api',
    1 => 'index',
    2 => 'index',
  ),
  'convert' => false,
)
[ info ] [ HEADER ] array (
  'x-forwarded-host' => 'localhost:8080',
  'x-forwarded-proto' => 'http',
  'x-forwarded-port' => '8080',
  'x-forwarded-for' => '127.0.0.1',
  'accept-language' => 'zh-CN,zh;q=0.9,en;q=0.8,zh-TW;q=0.7,ja;q=0.6',
  'accept-encoding' => 'gzip, deflate, br',
  'referer' => 'http://localhost:8080/tech',
  'sec-fetch-dest' => 'empty',
  'sec-fetch-mode' => 'cors',
  'sec-fetch-site' => 'same-origin',
  'user-agent' => 'Mozilla/5.0 (Windows NT 6.1; Win64; x64) AppleWebKit/537.36 (KHTML, like Gecko) Chrome/83.0.4103.97 Safari/537.36',
  'dnt' => '1',
  'accept' => 'application/json, text/plain, */*',
  'access-control-allow-origin' => '*',
  'connection' => 'close',
  'host' => 'www.tp5.com',
)
[ info ] [ PARAM ] array (
  'categoryID' => '5',
  'limit' => '5',
)
[ info ] [ RUN ] app\api\controller\Index->index[ D:\xampp\htdocs\backend\application\api\controller\Index.php ]
[ info ] [ DB ] INIT mysql
[ info ] [ LOG ] INIT File
[ sql ] [ DB ] CONNECT:[ UseTime:0.002000s ] mysql:host=localhost;dbname=demo;charset=utf8
[ sql ] [ SQL ] SHOW COLUMNS FROM `os_article` [ RunTime:0.034002s ]
[ sql ] [ SQL ] SELECT * FROM `os_article` WHERE  `cid` = 5 LIMIT 5 [ RunTime:0.002000s ]
[ sql ] [ SQL ] SHOW COLUMNS FROM `os_category` [ RunTime:0.024002s ]
[ sql ] [ SQL ] SELECT `name` FROM `os_category` WHERE  `id` = 5 LIMIT 1 [ RunTime:0.001000s ]
[ sql ] [ SQL ] SELECT `dir` FROM `os_category` WHERE  `name` = '网站公告' LIMIT 1 [ RunTime:0.002000s ]
---------------------------------------------------------------
[ 2020-06-10T18:08:02+08:00 ] 127.0.0.1 GET www.tp5.com/api/rand/limit/5
[运行时间：0.260015s] [吞吐率：3.85req/s] [内存消耗：3,300.13kb] [文件加载：48]
[ info ] [ LANG ] D:\xampp\htdocs\backend\thinkphp\lang\zh-cn.php
[ info ] [ ROUTE ] array (
  'type' => 'module',
  'module' => 
  array (
    0 => 'api',
    1 => 'index',
    2 => 'random',
  ),
  'convert' => false,
)
[ info ] [ HEADER ] array (
  'x-forwarded-host' => 'localhost:8080',
  'x-forwarded-proto' => 'http',
  'x-forwarded-port' => '8080',
  'x-forwarded-for' => '127.0.0.1',
  'accept-language' => 'zh-CN,zh;q=0.9,en;q=0.8,zh-TW;q=0.7,ja;q=0.6',
  'accept-encoding' => 'gzip, deflate, br',
  'referer' => 'http://localhost:8080/tech',
  'sec-fetch-dest' => 'empty',
  'sec-fetch-mode' => 'cors',
  'sec-fetch-site' => 'same-origin',
  'user-agent' => 'Mozilla/5.0 (Windows NT 6.1; Win64; x64) AppleWebKit/537.36 (KHTML, like Gecko) Chrome/83.0.4103.97 Safari/537.36',
  'dnt' => '1',
  'accept' => 'application/json, text/plain, */*',
  'access-control-allow-origin' => '*',
  'connection' => 'close',
  'host' => 'www.tp5.com',
)
[ info ] [ PARAM ] array (
  'limit' => '5',
)
[ info ] [ RUN ] app\api\controller\Index->random[ D:\xampp\htdocs\backend\application\api\controller\Index.php ]
[ info ] [ DB ] INIT mysql
[ info ] [ LOG ] INIT File
[ sql ] [ DB ] CONNECT:[ UseTime:0.002000s ] mysql:host=localhost;dbname=demo;charset=utf8
[ sql ] [ SQL ] SHOW COLUMNS FROM `os_article` [ RunTime:0.043002s ]
[ sql ] [ SQL ] SELECT COUNT(id) AS tp_count FROM `os_article` LIMIT 1 [ RunTime:0.000000s ]
[ sql ] [ SQL ] SELECT MIN(id) AS tp_min FROM `os_article` LIMIT 1 [ RunTime:0.001000s ]
[ sql ] [ SQL ] SELECT * FROM `os_article` WHERE  `id` IN (1,12,19,3,2) [ RunTime:0.002000s ]
---------------------------------------------------------------
[ 2020-06-10T18:08:02+08:00 ] 127.0.0.1 GET www.tp5.com/api/cate/0/page/1
[运行时间：0.302018s] [吞吐率：3.31req/s] [内存消耗：3,388.05kb] [文件加载：50]
[ info ] [ LANG ] D:\xampp\htdocs\backend\thinkphp\lang\zh-cn.php
[ info ] [ ROUTE ] array (
  'type' => 'module',
  'module' => 
  array (
    0 => 'api',
    1 => 'index',
    2 => 'index',
  ),
  'convert' => false,
)
[ info ] [ HEADER ] array (
  'x-forwarded-host' => 'localhost:8080',
  'x-forwarded-proto' => 'http',
  'x-forwarded-port' => '8080',
  'x-forwarded-for' => '127.0.0.1',
  'accept-language' => 'zh-CN,zh;q=0.9,en;q=0.8,zh-TW;q=0.7,ja;q=0.6',
  'accept-encoding' => 'gzip, deflate, br',
  'referer' => 'http://localhost:8080/tech',
  'sec-fetch-dest' => 'empty',
  'sec-fetch-mode' => 'cors',
  'sec-fetch-site' => 'same-origin',
  'user-agent' => 'Mozilla/5.0 (Windows NT 6.1; Win64; x64) AppleWebKit/537.36 (KHTML, like Gecko) Chrome/83.0.4103.97 Safari/537.36',
  'dnt' => '1',
  'accept' => 'application/json, text/plain, */*',
  'access-control-allow-origin' => '*',
  'connection' => 'close',
  'host' => 'www.tp5.com',
)
[ info ] [ PARAM ] array (
  'categoryID' => '0',
  'pageNumber' => '1',
)
[ info ] [ RUN ] app\api\controller\Index->index[ D:\xampp\htdocs\backend\application\api\controller\Index.php ]
[ info ] [ DB ] INIT mysql
[ info ] [ LOG ] INIT File
[ sql ] [ DB ] CONNECT:[ UseTime:0.009000s ] mysql:host=localhost;dbname=demo;charset=utf8
[ sql ] [ SQL ] SHOW COLUMNS FROM `os_article` [ RunTime:0.018001s ]
[ sql ] [ SQL ] SELECT COUNT(*) AS tp_count FROM `os_article` LIMIT 1 [ RunTime:0.001000s ]
[ sql ] [ SQL ] SELECT * FROM `os_article` LIMIT 0,4 [ RunTime:0.001000s ]
[ sql ] [ SQL ] SELECT COUNT(*) AS tp_count FROM `os_article` WHERE  `id` > 0 LIMIT 1 [ RunTime:0.001000s ]
[ sql ] [ SQL ] SELECT `cid` FROM `os_article` WHERE  `id` > 0 LIMIT 0,4 [ RunTime:0.001000s ]
[ sql ] [ SQL ] SHOW COLUMNS FROM `os_category` [ RunTime:0.041002s ]
[ sql ] [ SQL ] SELECT `id`,`name`,`dir` FROM `os_category` [ RunTime:0.002000s ]
